<?xml version="1.0" encoding="UTF-8"?>
<testng-results skipped="0" failed="0" ignored="0" total="1" passed="1">
  <reporter-output>
  </reporter-output>
  <suite name="Suite" duration-ms="12545" started-at="2020-09-23T20:20:36Z" finished-at="2020-09-23T20:20:48Z">
    <groups>
    </groups>
    <test name="Test" duration-ms="12545" started-at="2020-09-23T20:20:36Z" finished-at="2020-09-23T20:20:48Z">
      <class name="com.scripts.ActiTIME.TESTActitimeLogin">
        <test-method status="PASS" signature="openBrowser()[pri:0, instance:com.scripts.ActiTIME.TESTActitimeLogin@3e9b1010]" name="openBrowser" is-config="true" duration-ms="11690" started-at="2020-09-23T20:20:36Z" finished-at="2020-09-23T20:20:48Z">
          <reporter-output>
          </reporter-output>
        </test-method> <!-- openBrowser -->
        <test-method status="PASS" signature="login()[pri:0, instance:com.scripts.ActiTIME.TESTActitimeLogin@3e9b1010]" name="login" duration-ms="835" started-at="2020-09-23T20:20:48Z" finished-at="2020-09-23T20:20:48Z">
          <reporter-output>
          </reporter-output>
        </test-method> <!-- login -->
        <test-method status="PASS" signature="closeBrowser()[pri:0, instance:com.scripts.ActiTIME.TESTActitimeLogin@3e9b1010]" name="closeBrowser" is-config="true" duration-ms="0" started-at="2020-09-23T20:20:48Z" finished-at="2020-09-23T20:20:48Z">
          <reporter-output>
          </reporter-output>
        </test-method> <!-- closeBrowser -->
      </class> <!-- com.scripts.ActiTIME.TESTActitimeLogin -->
    </test> <!-- Test -->
  </suite> <!-- Suite -->
</testng-results>
